/root/prime-rl/.venv/lib/python3.12/site-packages/torch/cuda/__init__.py:63: FutureWarning: The pynvml package is deprecated. Please install nvidia-ml-py instead. If you did not install pynvml directly, please report this to the maintainers of the package that installed pynvml for you.
  import pynvml  # type: ignore[import]
[2m21:17:42[0m [1m   INFO[0m [1m[22mStarting SFT trainer in World(world_size=1, rank=0, local_rank=0, local_world_size=1, num_nodes=1)[0m[0m
[2m21:17:42[0m [1m   INFO[0m [1m[22mInitializing monitor (None)[0m[0m
[2m21:17:42[0m [1m   INFO[0m [1m[22mInitializing model and tokenizer (name='ibm-granite/granite-3.0-1b-a400m-instruct' attn='flash_attention_2' compile=None ac=None reshard_after_forward=True trust_remote_code=True ep=1 tp=1 cp=1 impl='hf' log_signature=False load_using_meta=False optimization_dtype='bfloat16' reduce_dtype='bfloat16' moe_use_grouped_mm=True debug=DebugModelConfig(num_layers=None, random_init=False))[0m[0m
[2m21:17:42[0m [1m   INFO[0m [1m[22mBuilding 1-D device mesh with ['dp_shard'], [1][0m[0m
[2m21:17:43[0m [33m[1mWARNING[0m [33m[1m[22mModel is tied word embeddings, so not doing the last layer not resharding optimization[0m[0m
[2m21:17:43[0m [1m   INFO[0m [1m[22mmodel num_layers: 24[0m[0m
[2m21:17:43[0m [1m   INFO[0m [1m[22mInitializing optimizer (lr=2e-05 weight_decay=0.01 max_norm=1.0 type='adamw' betas1=0.9 betas2=0.999)[0m[0m
[2m21:17:43[0m [1m   INFO[0m [1m[22mUsing `constant` scheduler (type='constant')[0m[0m
[2m21:17:43[0m [1m   INFO[0m [1m[22mInitializing weight checkpoint manager (None)[0m[0m
[2m21:17:43[0m [1m   INFO[0m [1m[22mInitializing checkpoint manager (None)[0m[0m
[2m21:17:43[0m [1m   INFO[0m [1m[22mInitializing data (micro_batch_size=1 batch_size=64 seq_len=1024 num_examples=None pack_function='cat' type='sft' name='willcb/V3-wordle' splits=['train'] shuffle=True loss_mask=LossMaskConfig(system=False, user=False, assistant=True, tool=False))[0m[0m
Generating train split:   0%|          | 0/1000 [00:00<?, ? examples/s]Generating train split: 100%|██████████| 1000/1000 [00:00<00:00, 63186.26 examples/s]
[2m21:17:44[0m [1m   INFO[0m [1m[22mStarting from step 0 (total_tokens=0, total_samples=0, dataloader_state={'step': 0, 'epoch': 0})[0m[0m
[2m21:17:44[0m [1m   INFO[0m [1m[22mStarting training loop (config.max_steps=200)[0m[0m
[2m21:18:07[0m [33m[1mWARNING[0m [33m[1m[22mError calculating flop_per_token using get_active_mm_params: 'GraniteMoeConfig' object has no attribute 'head_dim'[0m[0m
[2m21:18:07[0m [32m[1mSUCCESS[0m [32m[1m[22mStep 0 | Time: 22.59s | Loss: 1.6682 | Grad. Norm: 98.0000 | LR: 2.00e-05 | Throughput: 0 tokens/s | MFU: 0.0% | Peak Mem.: 12.5/139.8 GiB (8.9%)[0m[0m
[2m21:18:23[0m [32m[1mSUCCESS[0m [32m[1m[22mStep 1 | Time: 16.55s | Loss: 1.1781 | Grad. Norm: 10.8750 | LR: 2.00e-05 | Throughput: 3960 tokens/s | MFU: 3.3% | Peak Mem.: 12.9/139.8 GiB (9.2%)[0m[0m
[2m21:18:39[0m [32m[1mSUCCESS[0m [32m[1m[22mStep 2 | Time: 16.21s | Loss: 0.9949 | Grad. Norm: 8.9375 | LR: 2.00e-05 | Throughput: 3999 tokens/s | MFU: 3.4% | Peak Mem.: 12.9/139.8 GiB (9.2%)[0m[0m
[2m21:18:56[0m [32m[1mSUCCESS[0m [32m[1m[22mStep 3 | Time: 16.46s | Loss: 0.8075 | Grad. Norm: 4.7188 | LR: 2.00e-05 | Throughput: 3993 tokens/s | MFU: 3.4% | Peak Mem.: 12.9/139.8 GiB (9.2%)[0m[0m
[2m21:19:12[0m [32m[1mSUCCESS[0m [32m[1m[22mStep 4 | Time: 16.25s | Loss: 0.7108 | Grad. Norm: 3.3281 | LR: 2.00e-05 | Throughput: 4002 tokens/s | MFU: 3.4% | Peak Mem.: 12.9/139.8 GiB (9.2%)[0m[0m
[2m21:19:29[0m [32m[1mSUCCESS[0m [32m[1m[22mStep 5 | Time: 16.72s | Loss: 0.6635 | Grad. Norm: 5.2188 | LR: 2.00e-05 | Throughput: 3985 tokens/s | MFU: 3.3% | Peak Mem.: 12.9/139.8 GiB (9.2%)[0m[0m
[2m21:19:45[0m [32m[1mSUCCESS[0m [32m[1m[22mStep 6 | Time: 16.52s | Loss: 0.6399 | Grad. Norm: 7.9062 | LR: 2.00e-05 | Throughput: 3982 tokens/s | MFU: 3.3% | Peak Mem.: 12.9/139.8 GiB (9.2%)[0m[0m
[2m21:20:02[0m [32m[1mSUCCESS[0m [32m[1m[22mStep 7 | Time: 16.57s | Loss: 0.6322 | Grad. Norm: 5.3750 | LR: 2.00e-05 | Throughput: 3977 tokens/s | MFU: 3.3% | Peak Mem.: 12.9/139.8 GiB (9.2%)[0m[0m
[2m21:20:18[0m [32m[1mSUCCESS[0m [32m[1m[22mStep 8 | Time: 16.24s | Loss: 0.6278 | Grad. Norm: 4.2188 | LR: 2.00e-05 | Throughput: 3984 tokens/s | MFU: 3.3% | Peak Mem.: 12.9/139.8 GiB (9.2%)[0m[0m
[2m21:20:35[0m [32m[1mSUCCESS[0m [32m[1m[22mStep 9 | Time: 16.73s | Loss: 0.5251 | Grad. Norm: 2.5625 | LR: 2.00e-05 | Throughput: 3977 tokens/s | MFU: 3.3% | Peak Mem.: 12.9/139.8 GiB (9.2%)[0m[0m
[2m21:20:51[0m [32m[1mSUCCESS[0m [32m[1m[22mStep 10 | Time: 16.34s | Loss: 0.5542 | Grad. Norm: 3.8438 | LR: 2.00e-05 | Throughput: 3982 tokens/s | MFU: 3.3% | Peak Mem.: 12.9/139.8 GiB (9.2%)[0m[0m
[2m21:21:08[0m [32m[1mSUCCESS[0m [32m[1m[22mStep 11 | Time: 16.25s | Loss: 0.5070 | Grad. Norm: 2.5469 | LR: 2.00e-05 | Throughput: 3981 tokens/s | MFU: 3.3% | Peak Mem.: 12.9/139.8 GiB (9.2%)[0m[0m
[2m21:21:24[0m [32m[1mSUCCESS[0m [32m[1m[22mStep 12 | Time: 16.39s | Loss: 0.4860 | Grad. Norm: 2.3281 | LR: 2.00e-05 | Throughput: 3983 tokens/s | MFU: 3.3% | Peak Mem.: 12.9/139.8 GiB (9.2%)[0m[0m
[2m21:21:40[0m [32m[1mSUCCESS[0m [32m[1m[22mStep 13 | Time: 16.29s | Loss: 0.4969 | Grad. Norm: 2.2344 | LR: 2.00e-05 | Throughput: 3982 tokens/s | MFU: 3.3% | Peak Mem.: 12.9/139.8 GiB (9.2%)[0m[0m
[2m21:21:57[0m [32m[1mSUCCESS[0m [32m[1m[22mStep 14 | Time: 16.74s | Loss: 0.4761 | Grad. Norm: 2.3750 | LR: 2.00e-05 | Throughput: 3981 tokens/s | MFU: 3.3% | Peak Mem.: 12.9/139.8 GiB (9.2%)[0m[0m
[2m21:22:14[0m [32m[1mSUCCESS[0m [32m[1m[22mStep 15 | Time: 16.60s | Loss: 0.4475 | Grad. Norm: 2.0781 | LR: 2.00e-05 | Throughput: 3979 tokens/s | MFU: 3.3% | Peak Mem.: 12.9/139.8 GiB (9.2%)[0m[0m
[2m21:22:30[0m [32m[1mSUCCESS[0m [32m[1m[22mStep 16 | Time: 16.36s | Loss: 0.4272 | Grad. Norm: 2.4844 | LR: 2.00e-05 | Throughput: 3985 tokens/s | MFU: 3.3% | Peak Mem.: 12.9/139.8 GiB (9.2%)[0m[0m
[2m21:22:47[0m [32m[1mSUCCESS[0m [32m[1m[22mStep 17 | Time: 16.84s | Loss: 0.4210 | Grad. Norm: 2.2500 | LR: 2.00e-05 | Throughput: 3969 tokens/s | MFU: 3.3% | Peak Mem.: 12.9/139.8 GiB (9.2%)[0m[0m
[2m21:23:03[0m [32m[1mSUCCESS[0m [32m[1m[22mStep 18 | Time: 16.32s | Loss: 0.3995 | Grad. Norm: 2.3594 | LR: 2.00e-05 | Throughput: 3979 tokens/s | MFU: 3.3% | Peak Mem.: 12.9/139.8 GiB (9.2%)[0m[0m
[2m21:23:20[0m [32m[1mSUCCESS[0m [32m[1m[22mStep 19 | Time: 16.47s | Loss: 0.4052 | Grad. Norm: 2.2188 | LR: 2.00e-05 | Throughput: 3976 tokens/s | MFU: 3.3% | Peak Mem.: 12.9/139.8 GiB (9.2%)[0m[0m
[2m21:23:36[0m [32m[1mSUCCESS[0m [32m[1m[22mStep 20 | Time: 16.55s | Loss: 0.4118 | Grad. Norm: 4.5000 | LR: 2.00e-05 | Throughput: 3968 tokens/s | MFU: 3.3% | Peak Mem.: 12.9/139.8 GiB (9.2%)[0m[0m
[2m21:23:53[0m [32m[1mSUCCESS[0m [32m[1m[22mStep 21 | Time: 16.60s | Loss: 0.4079 | Grad. Norm: 2.7344 | LR: 2.00e-05 | Throughput: 3963 tokens/s | MFU: 3.3% | Peak Mem.: 12.9/139.8 GiB (9.2%)[0m[0m
[2m21:24:09[0m [32m[1mSUCCESS[0m [32m[1m[22mStep 22 | Time: 16.32s | Loss: 0.3855 | Grad. Norm: 2.2188 | LR: 2.00e-05 | Throughput: 3962 tokens/s | MFU: 3.3% | Peak Mem.: 12.9/139.8 GiB (9.2%)[0m[0m
[2m21:24:26[0m [32m[1mSUCCESS[0m [32m[1m[22mStep 23 | Time: 16.46s | Loss: 0.3621 | Grad. Norm: 1.8281 | LR: 2.00e-05 | Throughput: 3969 tokens/s | MFU: 3.3% | Peak Mem.: 12.9/139.8 GiB (9.2%)[0m[0m
[2m21:24:42[0m [32m[1mSUCCESS[0m [32m[1m[22mStep 24 | Time: 16.27s | Loss: 0.3744 | Grad. Norm: 1.8828 | LR: 2.00e-05 | Throughput: 3978 tokens/s | MFU: 3.3% | Peak Mem.: 12.9/139.8 GiB (9.2%)[0m[0m
[2m21:24:58[0m [32m[1mSUCCESS[0m [32m[1m[22mStep 25 | Time: 16.47s | Loss: 0.3459 | Grad. Norm: 1.8750 | LR: 2.00e-05 | Throughput: 3975 tokens/s | MFU: 3.3% | Peak Mem.: 12.9/139.8 GiB (9.2%)[0m[0m
[2m21:25:15[0m [32m[1mSUCCESS[0m [32m[1m[22mStep 26 | Time: 16.58s | Loss: 0.3513 | Grad. Norm: 1.9609 | LR: 2.00e-05 | Throughput: 3982 tokens/s | MFU: 3.3% | Peak Mem.: 12.9/139.8 GiB (9.2%)[0m[0m
[2m21:25:32[0m [32m[1mSUCCESS[0m [32m[1m[22mStep 27 | Time: 16.76s | Loss: 0.3559 | Grad. Norm: 1.9141 | LR: 2.00e-05 | Throughput: 3971 tokens/s | MFU: 3.3% | Peak Mem.: 12.9/139.8 GiB (9.2%)[0m[0m
[2m21:25:48[0m [32m[1mSUCCESS[0m [32m[1m[22mStep 28 | Time: 16.61s | Loss: 0.3262 | Grad. Norm: 1.9531 | LR: 2.00e-05 | Throughput: 3967 tokens/s | MFU: 3.3% | Peak Mem.: 12.9/139.8 GiB (9.2%)[0m[0m
[2m21:26:05[0m [32m[1mSUCCESS[0m [32m[1m[22mStep 29 | Time: 16.61s | Loss: 0.3444 | Grad. Norm: 1.9609 | LR: 2.00e-05 | Throughput: 3965 tokens/s | MFU: 3.3% | Peak Mem.: 12.9/139.8 GiB (9.2%)[0m[0m
[2m21:26:21[0m [32m[1mSUCCESS[0m [32m[1m[22mStep 30 | Time: 16.35s | Loss: 0.3348 | Grad. Norm: 1.9297 | LR: 2.00e-05 | Throughput: 3972 tokens/s | MFU: 3.3% | Peak Mem.: 12.9/139.8 GiB (9.2%)[0m[0m
[2m21:26:38[0m [32m[1mSUCCESS[0m [32m[1m[22mStep 31 | Time: 16.60s | Loss: 0.3249 | Grad. Norm: 1.9219 | LR: 2.00e-05 | Throughput: 3964 tokens/s | MFU: 3.3% | Peak Mem.: 12.9/139.8 GiB (9.2%)[0m[0m
[2m21:26:54[0m [32m[1mSUCCESS[0m [32m[1m[22mStep 32 | Time: 16.41s | Loss: 0.3301 | Grad. Norm: 2.0156 | LR: 2.00e-05 | Throughput: 3966 tokens/s | MFU: 3.3% | Peak Mem.: 12.9/139.8 GiB (9.2%)[0m[0m
[2m21:27:11[0m [32m[1mSUCCESS[0m [32m[1m[22mStep 33 | Time: 16.67s | Loss: 0.3102 | Grad. Norm: 1.9609 | LR: 2.00e-05 | Throughput: 3955 tokens/s | MFU: 3.3% | Peak Mem.: 12.9/139.8 GiB (9.2%)[0m[0m
[2m21:27:28[0m [32m[1mSUCCESS[0m [32m[1m[22mStep 34 | Time: 16.51s | Loss: 0.3030 | Grad. Norm: 1.9375 | LR: 2.00e-05 | Throughput: 3954 tokens/s | MFU: 3.3% | Peak Mem.: 12.9/139.8 GiB (9.2%)[0m[0m
[2m21:27:44[0m [32m[1mSUCCESS[0m [32m[1m[22mStep 35 | Time: 16.51s | Loss: 0.3054 | Grad. Norm: 2.1094 | LR: 2.00e-05 | Throughput: 3955 tokens/s | MFU: 3.3% | Peak Mem.: 12.9/139.8 GiB (9.2%)[0m[0m
[2m21:28:01[0m [32m[1mSUCCESS[0m [32m[1m[22mStep 36 | Time: 16.51s | Loss: 0.3264 | Grad. Norm: 1.9922 | LR: 2.00e-05 | Throughput: 3962 tokens/s | MFU: 3.3% | Peak Mem.: 12.9/139.8 GiB (9.2%)[0m[0m
[2m21:28:17[0m [32m[1mSUCCESS[0m [32m[1m[22mStep 37 | Time: 16.66s | Loss: 0.3120 | Grad. Norm: 2.2031 | LR: 2.00e-05 | Throughput: 3961 tokens/s | MFU: 3.3% | Peak Mem.: 12.9/139.8 GiB (9.2%)[0m[0m
[2m21:28:34[0m [32m[1mSUCCESS[0m [32m[1m[22mStep 38 | Time: 16.46s | Loss: 0.3230 | Grad. Norm: 2.2188 | LR: 2.00e-05 | Throughput: 3965 tokens/s | MFU: 3.3% | Peak Mem.: 12.9/139.8 GiB (9.2%)[0m[0m
[2m21:28:50[0m [32m[1mSUCCESS[0m [32m[1m[22mStep 39 | Time: 16.48s | Loss: 0.3201 | Grad. Norm: 2.0781 | LR: 2.00e-05 | Throughput: 3961 tokens/s | MFU: 3.3% | Peak Mem.: 12.9/139.8 GiB (9.2%)[0m[0m
[2m21:29:07[0m [32m[1mSUCCESS[0m [32m[1m[22mStep 40 | Time: 16.55s | Loss: 0.3245 | Grad. Norm: 2.1094 | LR: 2.00e-05 | Throughput: 3963 tokens/s | MFU: 3.3% | Peak Mem.: 12.9/139.8 GiB (9.2%)[0m[0m
[2m21:29:23[0m [32m[1mSUCCESS[0m [32m[1m[22mStep 41 | Time: 16.63s | Loss: 0.2973 | Grad. Norm: 2.0625 | LR: 2.00e-05 | Throughput: 3957 tokens/s | MFU: 3.3% | Peak Mem.: 12.9/139.8 GiB (9.2%)[0m[0m
[2m21:29:40[0m [32m[1mSUCCESS[0m [32m[1m[22mStep 42 | Time: 16.43s | Loss: 0.2849 | Grad. Norm: 2.1719 | LR: 2.00e-05 | Throughput: 3963 tokens/s | MFU: 3.3% | Peak Mem.: 12.9/139.8 GiB (9.2%)[0m[0m
[2m21:29:56[0m [32m[1mSUCCESS[0m [32m[1m[22mStep 43 | Time: 16.48s | Loss: 0.2819 | Grad. Norm: 1.8672 | LR: 2.00e-05 | Throughput: 3964 tokens/s | MFU: 3.3% | Peak Mem.: 12.9/139.8 GiB (9.2%)[0m[0m
[2m21:30:13[0m [32m[1mSUCCESS[0m [32m[1m[22mStep 44 | Time: 16.36s | Loss: 0.2854 | Grad. Norm: 1.8750 | LR: 2.00e-05 | Throughput: 3968 tokens/s | MFU: 3.3% | Peak Mem.: 12.9/139.8 GiB (9.2%)[0m[0m
[2m21:30:29[0m [32m[1mSUCCESS[0m [32m[1m[22mStep 45 | Time: 16.33s | Loss: 0.2709 | Grad. Norm: 2.5156 | LR: 2.00e-05 | Throughput: 3973 tokens/s | MFU: 3.3% | Peak Mem.: 12.9/139.8 GiB (9.2%)[0m[0m
[2m21:30:46[0m [32m[1mSUCCESS[0m [32m[1m[22mStep 46 | Time: 16.51s | Loss: 0.2678 | Grad. Norm: 2.1094 | LR: 2.00e-05 | Throughput: 3977 tokens/s | MFU: 3.3% | Peak Mem.: 12.9/139.8 GiB (9.2%)[0m[0m
[2m21:31:02[0m [32m[1mSUCCESS[0m [32m[1m[22mStep 47 | Time: 16.34s | Loss: 0.2809 | Grad. Norm: 2.8906 | LR: 2.00e-05 | Throughput: 3980 tokens/s | MFU: 3.3% | Peak Mem.: 12.9/139.8 GiB (9.2%)[0m[0m
[2m21:31:19[0m [32m[1mSUCCESS[0m [32m[1m[22mStep 48 | Time: 16.67s | Loss: 0.2931 | Grad. Norm: 2.3906 | LR: 2.00e-05 | Throughput: 3975 tokens/s | MFU: 3.3% | Peak Mem.: 12.9/139.8 GiB (9.2%)[0m[0m
[2m21:31:35[0m [32m[1mSUCCESS[0m [32m[1m[22mStep 49 | Time: 16.59s | Loss: 0.2718 | Grad. Norm: 2.1406 | LR: 2.00e-05 | Throughput: 3974 tokens/s | MFU: 3.3% | Peak Mem.: 12.9/139.8 GiB (9.2%)[0m[0m
[2m21:31:52[0m [32m[1mSUCCESS[0m [32m[1m[22mStep 50 | Time: 16.59s | Loss: 0.2682 | Grad. Norm: 2.0938 | LR: 2.00e-05 | Throughput: 3975 tokens/s | MFU: 3.3% | Peak Mem.: 12.9/139.8 GiB (9.2%)[0m[0m
[2m21:32:09[0m [32m[1mSUCCESS[0m [32m[1m[22mStep 51 | Time: 16.78s | Loss: 0.2843 | Grad. Norm: 2.1406 | LR: 2.00e-05 | Throughput: 3966 tokens/s | MFU: 3.3% | Peak Mem.: 12.9/139.8 GiB (9.2%)[0m[0m
[2m21:32:25[0m [32m[1mSUCCESS[0m [32m[1m[22mStep 52 | Time: 16.62s | Loss: 0.2570 | Grad. Norm: 1.9375 | LR: 2.00e-05 | Throughput: 3962 tokens/s | MFU: 3.3% | Peak Mem.: 12.9/139.8 GiB (9.2%)[0m[0m
[2m21:32:42[0m [32m[1mSUCCESS[0m [32m[1m[22mStep 53 | Time: 16.67s | Loss: 0.2611 | Grad. Norm: 2.1719 | LR: 2.00e-05 | Throughput: 3954 tokens/s | MFU: 3.3% | Peak Mem.: 12.9/139.8 GiB (9.2%)[0m[0m
[2m21:32:58[0m [32m[1mSUCCESS[0m [32m[1m[22mStep 54 | Time: 16.42s | Loss: 0.2802 | Grad. Norm: 1.8906 | LR: 2.00e-05 | Throughput: 3951 tokens/s | MFU: 3.3% | Peak Mem.: 12.9/139.8 GiB (9.2%)[0m[0m
[2m21:33:15[0m [32m[1mSUCCESS[0m [32m[1m[22mStep 55 | Time: 16.81s | Loss: 0.2626 | Grad. Norm: 2.0312 | LR: 2.00e-05 | Throughput: 3943 tokens/s | MFU: 3.3% | Peak Mem.: 12.9/139.8 GiB (9.2%)[0m[0m
[2m21:33:32[0m [32m[1mSUCCESS[0m [32m[1m[22mStep 56 | Time: 16.56s | Loss: 0.2588 | Grad. Norm: 2.0156 | LR: 2.00e-05 | Throughput: 3937 tokens/s | MFU: 3.3% | Peak Mem.: 12.9/139.8 GiB (9.2%)[0m[0m
[2m21:33:49[0m [32m[1mSUCCESS[0m [32m[1m[22mStep 57 | Time: 16.91s | Loss: 0.2500 | Grad. Norm: 1.8906 | LR: 2.00e-05 | Throughput: 3931 tokens/s | MFU: 3.3% | Peak Mem.: 12.9/139.8 GiB (9.2%)[0m[0m
[2m21:34:05[0m [32m[1mSUCCESS[0m [32m[1m[22mStep 58 | Time: 16.57s | Loss: 0.2441 | Grad. Norm: 2.2656 | LR: 2.00e-05 | Throughput: 3932 tokens/s | MFU: 3.3% | Peak Mem.: 12.9/139.8 GiB (9.2%)[0m[0m
[2m21:34:22[0m [32m[1mSUCCESS[0m [32m[1m[22mStep 59 | Time: 16.59s | Loss: 0.2433 | Grad. Norm: 2.1562 | LR: 2.00e-05 | Throughput: 3932 tokens/s | MFU: 3.3% | Peak Mem.: 12.9/139.8 GiB (9.2%)[0m[0m
[2m21:34:38[0m [32m[1mSUCCESS[0m [32m[1m[22mStep 60 | Time: 16.58s | Loss: 0.2346 | Grad. Norm: 2.4688 | LR: 2.00e-05 | Throughput: 3937 tokens/s | MFU: 3.3% | Peak Mem.: 12.9/139.8 GiB (9.2%)[0m[0m
[2m21:34:55[0m [32m[1mSUCCESS[0m [32m[1m[22mStep 61 | Time: 16.69s | Loss: 0.2561 | Grad. Norm: 2.1250 | LR: 2.00e-05 | Throughput: 3935 tokens/s | MFU: 3.3% | Peak Mem.: 12.9/139.8 GiB (9.2%)[0m[0m
[2m21:35:12[0m [32m[1mSUCCESS[0m [32m[1m[22mStep 62 | Time: 16.59s | Loss: 0.2509 | Grad. Norm: 2.2188 | LR: 2.00e-05 | Throughput: 3937 tokens/s | MFU: 3.3% | Peak Mem.: 12.9/139.8 GiB (9.2%)[0m[0m
[2m21:35:28[0m [32m[1mSUCCESS[0m [32m[1m[22mStep 63 | Time: 16.43s | Loss: 0.2383 | Grad. Norm: 2.0625 | LR: 2.00e-05 | Throughput: 3937 tokens/s | MFU: 3.3% | Peak Mem.: 12.9/139.8 GiB (9.2%)[0m[0m
[2m21:35:45[0m [32m[1mSUCCESS[0m [32m[1m[22mStep 64 | Time: 16.81s | Loss: 0.2424 | Grad. Norm: 2.0625 | LR: 2.00e-05 | Throughput: 3937 tokens/s | MFU: 3.3% | Peak Mem.: 12.9/139.8 GiB (9.2%)[0m[0m
[2m21:36:02[0m [32m[1mSUCCESS[0m [32m[1m[22mStep 65 | Time: 16.66s | Loss: 0.2388 | Grad. Norm: 2.0781 | LR: 2.00e-05 | Throughput: 3934 tokens/s | MFU: 3.3% | Peak Mem.: 12.9/139.8 GiB (9.2%)[0m[0m
[2m21:36:18[0m [32m[1mSUCCESS[0m [32m[1m[22mStep 66 | Time: 16.34s | Loss: 0.2471 | Grad. Norm: 2.0469 | LR: 2.00e-05 | Throughput: 3949 tokens/s | MFU: 3.3% | Peak Mem.: 12.9/139.8 GiB (9.2%)[0m[0m
[2m21:36:34[0m [32m[1mSUCCESS[0m [32m[1m[22mStep 67 | Time: 16.42s | Loss: 0.2206 | Grad. Norm: 1.9531 | LR: 2.00e-05 | Throughput: 3953 tokens/s | MFU: 3.3% | Peak Mem.: 12.9/139.8 GiB (9.2%)[0m[0m
[2m21:36:51[0m [32m[1mSUCCESS[0m [32m[1m[22mStep 68 | Time: 16.38s | Loss: 0.2318 | Grad. Norm: 1.9609 | LR: 2.00e-05 | Throughput: 3959 tokens/s | MFU: 3.3% | Peak Mem.: 12.9/139.8 GiB (9.2%)[0m[0m
[2m21:37:08[0m [32m[1mSUCCESS[0m [32m[1m[22mStep 69 | Time: 16.72s | Loss: 0.2298 | Grad. Norm: 2.0469 | LR: 2.00e-05 | Throughput: 3955 tokens/s | MFU: 3.3% | Peak Mem.: 12.9/139.8 GiB (9.2%)[0m[0m
[2m21:37:24[0m [32m[1mSUCCESS[0m [32m[1m[22mStep 70 | Time: 16.52s | Loss: 0.2139 | Grad. Norm: 2.0312 | LR: 2.00e-05 | Throughput: 3960 tokens/s | MFU: 3.3% | Peak Mem.: 12.9/139.8 GiB (9.2%)[0m[0m
[2m21:37:40[0m [32m[1mSUCCESS[0m [32m[1m[22mStep 71 | Time: 16.40s | Loss: 0.2055 | Grad. Norm: 1.9375 | LR: 2.00e-05 | Throughput: 3965 tokens/s | MFU: 3.3% | Peak Mem.: 12.9/139.8 GiB (9.2%)[0m[0m
[2m21:37:57[0m [32m[1mSUCCESS[0m [32m[1m[22mStep 72 | Time: 16.16s | Loss: 0.2202 | Grad. Norm: 2.2188 | LR: 2.00e-05 | Throughput: 3972 tokens/s | MFU: 3.3% | Peak Mem.: 12.9/139.8 GiB (9.2%)[0m[0m
[2m21:38:13[0m [32m[1mSUCCESS[0m [32m[1m[22mStep 73 | Time: 16.37s | Loss: 0.2291 | Grad. Norm: 2.4375 | LR: 2.00e-05 | Throughput: 3984 tokens/s | MFU: 3.3% | Peak Mem.: 12.9/139.8 GiB (9.2%)[0m[0m
[2m21:38:30[0m [32m[1mSUCCESS[0m [32m[1m[22mStep 74 | Time: 16.63s | Loss: 0.2115 | Grad. Norm: 2.3906 | LR: 2.00e-05 | Throughput: 3985 tokens/s | MFU: 3.3% | Peak Mem.: 12.9/139.8 GiB (9.2%)[0m[0m
[2m21:38:46[0m [32m[1mSUCCESS[0m [32m[1m[22mStep 75 | Time: 16.30s | Loss: 0.2195 | Grad. Norm: 2.2188 | LR: 2.00e-05 | Throughput: 3986 tokens/s | MFU: 3.3% | Peak Mem.: 12.9/139.8 GiB (9.2%)[0m[0m
[2m21:39:03[0m [32m[1mSUCCESS[0m [32m[1m[22mStep 76 | Time: 16.60s | Loss: 0.2038 | Grad. Norm: 2.0312 | LR: 2.00e-05 | Throughput: 3981 tokens/s | MFU: 3.3% | Peak Mem.: 12.9/139.8 GiB (9.2%)[0m[0m
[2m21:39:19[0m [32m[1mSUCCESS[0m [32m[1m[22mStep 77 | Time: 16.49s | Loss: 0.2160 | Grad. Norm: 2.4375 | LR: 2.00e-05 | Throughput: 3978 tokens/s | MFU: 3.3% | Peak Mem.: 12.9/139.8 GiB (9.2%)[0m[0m
[2m21:39:36[0m [32m[1mSUCCESS[0m [32m[1m[22mStep 78 | Time: 16.52s | Loss: 0.2230 | Grad. Norm: 2.1875 | LR: 2.00e-05 | Throughput: 3983 tokens/s | MFU: 3.3% | Peak Mem.: 12.9/139.8 GiB (9.2%)[0m[0m
[2m21:39:52[0m [32m[1mSUCCESS[0m [32m[1m[22mStep 79 | Time: 16.47s | Loss: 0.2080 | Grad. Norm: 2.0625 | LR: 2.00e-05 | Throughput: 3985 tokens/s | MFU: 3.3% | Peak Mem.: 12.9/139.8 GiB (9.2%)[0m[0m
[2m21:40:09[0m [32m[1mSUCCESS[0m [32m[1m[22mStep 80 | Time: 16.52s | Loss: 0.2065 | Grad. Norm: 2.1094 | LR: 2.00e-05 | Throughput: 3981 tokens/s | MFU: 3.3% | Peak Mem.: 12.9/139.8 GiB (9.2%)[0m[0m
[2m21:40:25[0m [32m[1mSUCCESS[0m [32m[1m[22mStep 81 | Time: 16.53s | Loss: 0.2094 | Grad. Norm: 2.1406 | LR: 2.00e-05 | Throughput: 3971 tokens/s | MFU: 3.3% | Peak Mem.: 12.9/139.8 GiB (9.2%)[0m[0m
[2m21:40:42[0m [32m[1mSUCCESS[0m [32m[1m[22mStep 82 | Time: 16.39s | Loss: 0.1825 | Grad. Norm: 2.2188 | LR: 2.00e-05 | Throughput: 3971 tokens/s | MFU: 3.3% | Peak Mem.: 12.9/139.8 GiB (9.2%)[0m[0m
[2m21:40:58[0m [32m[1mSUCCESS[0m [32m[1m[22mStep 83 | Time: 16.49s | Loss: 0.1898 | Grad. Norm: 2.2344 | LR: 2.00e-05 | Throughput: 3975 tokens/s | MFU: 3.3% | Peak Mem.: 12.9/139.8 GiB (9.2%)[0m[0m
[2m21:41:15[0m [32m[1mSUCCESS[0m [32m[1m[22mStep 84 | Time: 16.55s | Loss: 0.1877 | Grad. Norm: 2.0938 | LR: 2.00e-05 | Throughput: 3968 tokens/s | MFU: 3.3% | Peak Mem.: 12.9/139.8 GiB (9.2%)[0m[0m
[2m21:41:31[0m [32m[1mSUCCESS[0m [32m[1m[22mStep 85 | Time: 16.29s | Loss: 0.1866 | Grad. Norm: 2.1875 | LR: 2.00e-05 | Throughput: 3976 tokens/s | MFU: 3.3% | Peak Mem.: 12.9/139.8 GiB (9.2%)[0m[0m
[2m21:41:47[0m [32m[1mSUCCESS[0m [32m[1m[22mStep 86 | Time: 16.44s | Loss: 0.1816 | Grad. Norm: 2.3125 | LR: 2.00e-05 | Throughput: 3978 tokens/s | MFU: 3.3% | Peak Mem.: 12.9/139.8 GiB (9.2%)[0m[0m
[2m21:42:04[0m [32m[1mSUCCESS[0m [32m[1m[22mStep 87 | Time: 16.35s | Loss: 0.1747 | Grad. Norm: 2.5156 | LR: 2.00e-05 | Throughput: 3982 tokens/s | MFU: 3.3% | Peak Mem.: 12.9/139.8 GiB (9.2%)[0m[0m
[2m21:42:20[0m [32m[1mSUCCESS[0m [32m[1m[22mStep 88 | Time: 16.65s | Loss: 0.1969 | Grad. Norm: 2.4688 | LR: 2.00e-05 | Throughput: 3977 tokens/s | MFU: 3.3% | Peak Mem.: 12.9/139.8 GiB (9.2%)[0m[0m
[2m21:42:37[0m [32m[1mSUCCESS[0m [32m[1m[22mStep 89 | Time: 16.84s | Loss: 0.1937 | Grad. Norm: 2.3906 | LR: 2.00e-05 | Throughput: 3969 tokens/s | MFU: 3.3% | Peak Mem.: 12.9/139.8 GiB (9.2%)[0m[0m
[2m21:42:54[0m [32m[1mSUCCESS[0m [32m[1m[22mStep 90 | Time: 16.71s | Loss: 0.1881 | Grad. Norm: 2.5000 | LR: 2.00e-05 | Throughput: 3964 tokens/s | MFU: 3.3% | Peak Mem.: 12.9/139.8 GiB (9.2%)[0m[0m
[2m21:43:10[0m [32m[1mSUCCESS[0m [32m[1m[22mStep 91 | Time: 16.39s | Loss: 0.1906 | Grad. Norm: 2.3906 | LR: 2.00e-05 | Throughput: 3964 tokens/s | MFU: 3.3% | Peak Mem.: 12.9/139.8 GiB (9.2%)[0m[0m
[2m21:43:27[0m [32m[1mSUCCESS[0m [32m[1m[22mStep 92 | Time: 16.20s | Loss: 0.1715 | Grad. Norm: 2.0781 | LR: 2.00e-05 | Throughput: 3972 tokens/s | MFU: 3.3% | Peak Mem.: 12.9/139.8 GiB (9.2%)[0m[0m
[2m21:43:43[0m [32m[1mSUCCESS[0m [32m[1m[22mStep 93 | Time: 16.35s | Loss: 0.1999 | Grad. Norm: 2.4531 | LR: 2.00e-05 | Throughput: 3977 tokens/s | MFU: 3.3% | Peak Mem.: 12.9/139.8 GiB (9.2%)[0m[0m
[2m21:43:59[0m [32m[1mSUCCESS[0m [32m[1m[22mStep 94 | Time: 16.28s | Loss: 0.1839 | Grad. Norm: 2.2031 | LR: 2.00e-05 | Throughput: 3977 tokens/s | MFU: 3.3% | Peak Mem.: 12.9/139.8 GiB (9.2%)[0m[0m
[2m21:44:16[0m [32m[1mSUCCESS[0m [32m[1m[22mStep 95 | Time: 16.54s | Loss: 0.1879 | Grad. Norm: 2.2812 | LR: 2.00e-05 | Throughput: 3974 tokens/s | MFU: 3.3% | Peak Mem.: 12.9/139.8 GiB (9.2%)[0m[0m
[2m21:44:32[0m [32m[1mSUCCESS[0m [32m[1m[22mStep 96 | Time: 16.24s | Loss: 0.1578 | Grad. Norm: 2.3594 | LR: 2.00e-05 | Throughput: 3977 tokens/s | MFU: 3.3% | Peak Mem.: 12.9/139.8 GiB (9.2%)[0m[0m
[2m21:44:48[0m [32m[1mSUCCESS[0m [32m[1m[22mStep 97 | Time: 16.39s | Loss: 0.1603 | Grad. Norm: 2.2812 | LR: 2.00e-05 | Throughput: 3984 tokens/s | MFU: 3.3% | Peak Mem.: 12.9/139.8 GiB (9.2%)[0m[0m
[2m21:45:05[0m [32m[1mSUCCESS[0m [32m[1m[22mStep 98 | Time: 16.57s | Loss: 0.1775 | Grad. Norm: 2.3281 | LR: 2.00e-05 | Throughput: 3992 tokens/s | MFU: 3.4% | Peak Mem.: 12.9/139.8 GiB (9.2%)[0m[0m
[2m21:45:22[0m [32m[1mSUCCESS[0m [32m[1m[22mStep 99 | Time: 16.65s | Loss: 0.1519 | Grad. Norm: 2.2656 | LR: 2.00e-05 | Throughput: 3993 tokens/s | MFU: 3.4% | Peak Mem.: 12.9/139.8 GiB (9.2%)[0m[0m
[2m21:45:38[0m [32m[1mSUCCESS[0m [32m[1m[22mStep 100 | Time: 16.40s | Loss: 0.1636 | Grad. Norm: 2.5156 | LR: 2.00e-05 | Throughput: 3993 tokens/s | MFU: 3.4% | Peak Mem.: 12.9/139.8 GiB (9.2%)[0m[0m
[2m21:45:54[0m [32m[1mSUCCESS[0m [32m[1m[22mStep 101 | Time: 16.31s | Loss: 0.1633 | Grad. Norm: 2.6406 | LR: 2.00e-05 | Throughput: 3990 tokens/s | MFU: 3.4% | Peak Mem.: 12.9/139.8 GiB (9.2%)[0m[0m
[2m21:46:11[0m [32m[1mSUCCESS[0m [32m[1m[22mStep 102 | Time: 16.36s | Loss: 0.1666 | Grad. Norm: 2.6719 | LR: 2.00e-05 | Throughput: 3990 tokens/s | MFU: 3.4% | Peak Mem.: 12.9/139.8 GiB (9.2%)[0m[0m
[2m21:46:27[0m [32m[1mSUCCESS[0m [32m[1m[22mStep 103 | Time: 16.23s | Loss: 0.1559 | Grad. Norm: 2.7031 | LR: 2.00e-05 | Throughput: 3991 tokens/s | MFU: 3.4% | Peak Mem.: 12.9/139.8 GiB (9.2%)[0m[0m
[2m21:46:43[0m [32m[1mSUCCESS[0m [32m[1m[22mStep 104 | Time: 16.50s | Loss: 0.1574 | Grad. Norm: 2.5625 | LR: 2.00e-05 | Throughput: 3992 tokens/s | MFU: 3.4% | Peak Mem.: 12.9/139.8 GiB (9.2%)[0m[0m
[2m21:47:00[0m [32m[1mSUCCESS[0m [32m[1m[22mStep 105 | Time: 16.31s | Loss: 0.1613 | Grad. Norm: 2.4688 | LR: 2.00e-05 | Throughput: 3990 tokens/s | MFU: 3.4% | Peak Mem.: 12.9/139.8 GiB (9.2%)[0m[0m
[2m21:47:16[0m [32m[1mSUCCESS[0m [32m[1m[22mStep 106 | Time: 16.22s | Loss: 0.1684 | Grad. Norm: 2.5469 | LR: 2.00e-05 | Throughput: 3995 tokens/s | MFU: 3.4% | Peak Mem.: 12.9/139.8 GiB (9.2%)[0m[0m
[2m21:47:32[0m [32m[1mSUCCESS[0m [32m[1m[22mStep 107 | Time: 16.21s | Loss: 0.1591 | Grad. Norm: 2.2656 | LR: 2.00e-05 | Throughput: 4005 tokens/s | MFU: 3.4% | Peak Mem.: 12.9/139.8 GiB (9.2%)[0m[0m
[2m21:47:49[0m [32m[1mSUCCESS[0m [32m[1m[22mStep 108 | Time: 16.36s | Loss: 0.1562 | Grad. Norm: 2.3594 | LR: 2.00e-05 | Throughput: 4013 tokens/s | MFU: 3.4% | Peak Mem.: 12.9/139.8 GiB (9.2%)[0m[0m
[2m21:48:05[0m [32m[1mSUCCESS[0m [32m[1m[22mStep 109 | Time: 16.12s | Loss: 0.1568 | Grad. Norm: 2.3750 | LR: 2.00e-05 | Throughput: 4020 tokens/s | MFU: 3.4% | Peak Mem.: 12.9/139.8 GiB (9.2%)[0m[0m
[2m21:48:21[0m [32m[1mSUCCESS[0m [32m[1m[22mStep 110 | Time: 16.19s | Loss: 0.1460 | Grad. Norm: 2.8750 | LR: 2.00e-05 | Throughput: 4024 tokens/s | MFU: 3.4% | Peak Mem.: 12.9/139.8 GiB (9.2%)[0m[0m
[2m21:48:37[0m [32m[1mSUCCESS[0m [32m[1m[22mStep 111 | Time: 16.35s | Loss: 0.1432 | Grad. Norm: 2.4844 | LR: 2.00e-05 | Throughput: 4024 tokens/s | MFU: 3.4% | Peak Mem.: 12.9/139.8 GiB (9.2%)[0m[0m
[2m21:48:54[0m [32m[1mSUCCESS[0m [32m[1m[22mStep 112 | Time: 16.38s | Loss: 0.1402 | Grad. Norm: 2.8906 | LR: 2.00e-05 | Throughput: 4020 tokens/s | MFU: 3.4% | Peak Mem.: 12.9/139.8 GiB (9.2%)[0m[0m
[2m21:49:10[0m [32m[1mSUCCESS[0m [32m[1m[22mStep 113 | Time: 16.31s | Loss: 0.1349 | Grad. Norm: 3.3125 | LR: 2.00e-05 | Throughput: 4025 tokens/s | MFU: 3.4% | Peak Mem.: 12.9/139.8 GiB (9.2%)[0m[0m
[2m21:49:26[0m [32m[1mSUCCESS[0m [32m[1m[22mStep 114 | Time: 16.20s | Loss: 0.1483 | Grad. Norm: 3.0469 | LR: 2.00e-05 | Throughput: 4028 tokens/s | MFU: 3.4% | Peak Mem.: 12.9/139.8 GiB (9.2%)[0m[0m
[2m21:49:43[0m [32m[1mSUCCESS[0m [32m[1m[22mStep 115 | Time: 16.47s | Loss: 0.1231 | Grad. Norm: 2.7812 | LR: 2.00e-05 | Throughput: 4021 tokens/s | MFU: 3.4% | Peak Mem.: 12.9/139.8 GiB (9.2%)[0m[0m
[2m21:49:59[0m [32m[1mSUCCESS[0m [32m[1m[22mStep 116 | Time: 16.43s | Loss: 0.1346 | Grad. Norm: 2.6406 | LR: 2.00e-05 | Throughput: 4015 tokens/s | MFU: 3.4% | Peak Mem.: 12.9/139.8 GiB (9.2%)[0m[0m
[2m21:50:15[0m [32m[1mSUCCESS[0m [32m[1m[22mStep 117 | Time: 16.32s | Loss: 0.1406 | Grad. Norm: 2.6719 | LR: 2.00e-05 | Throughput: 4016 tokens/s | MFU: 3.4% | Peak Mem.: 12.9/139.8 GiB (9.2%)[0m[0m
[2m21:50:32[0m [32m[1mSUCCESS[0m [32m[1m[22mStep 118 | Time: 16.50s | Loss: 0.1401 | Grad. Norm: 2.8594 | LR: 2.00e-05 | Throughput: 4006 tokens/s | MFU: 3.4% | Peak Mem.: 12.9/139.8 GiB (9.2%)[0m[0m
[2m21:50:48[0m [32m[1mSUCCESS[0m [32m[1m[22mStep 119 | Time: 16.12s | Loss: 0.1249 | Grad. Norm: 4.2500 | LR: 2.00e-05 | Throughput: 4008 tokens/s | MFU: 3.4% | Peak Mem.: 12.9/139.8 GiB (9.2%)[0m[0m
[2m21:51:04[0m [32m[1mSUCCESS[0m [32m[1m[22mStep 120 | Time: 16.19s | Loss: 0.1292 | Grad. Norm: 2.5625 | LR: 2.00e-05 | Throughput: 4012 tokens/s | MFU: 3.4% | Peak Mem.: 12.9/139.8 GiB (9.2%)[0m[0m
[2m21:51:21[0m [32m[1mSUCCESS[0m [32m[1m[22mStep 121 | Time: 16.30s | Loss: 0.1320 | Grad. Norm: 2.5938 | LR: 2.00e-05 | Throughput: 4014 tokens/s | MFU: 3.4% | Peak Mem.: 12.9/139.8 GiB (9.2%)[0m[0m
[2m21:51:37[0m [32m[1mSUCCESS[0m [32m[1m[22mStep 122 | Time: 16.31s | Loss: 0.1489 | Grad. Norm: 2.7812 | LR: 2.00e-05 | Throughput: 4014 tokens/s | MFU: 3.4% | Peak Mem.: 12.9/139.8 GiB (9.2%)[0m[0m
[2m21:51:53[0m [32m[1mSUCCESS[0m [32m[1m[22mStep 123 | Time: 16.17s | Loss: 0.1212 | Grad. Norm: 2.4688 | LR: 2.00e-05 | Throughput: 4015 tokens/s | MFU: 3.4% | Peak Mem.: 12.9/139.8 GiB (9.2%)[0m[0m
[2m21:52:10[0m [32m[1mSUCCESS[0m [32m[1m[22mStep 124 | Time: 17.08s | Loss: 0.1208 | Grad. Norm: 2.6094 | LR: 2.00e-05 | Throughput: 3998 tokens/s | MFU: 3.4% | Peak Mem.: 12.9/139.8 GiB (9.2%)[0m[0m
[2m21:52:27[0m [32m[1mSUCCESS[0m [32m[1m[22mStep 125 | Time: 16.51s | Loss: 0.1148 | Grad. Norm: 2.4688 | LR: 2.00e-05 | Throughput: 3996 tokens/s | MFU: 3.4% | Peak Mem.: 12.9/139.8 GiB (9.2%)[0m[0m
[2m21:52:43[0m [32m[1mSUCCESS[0m [32m[1m[22mStep 126 | Time: 16.39s | Loss: 0.1167 | Grad. Norm: 2.7812 | LR: 2.00e-05 | Throughput: 3994 tokens/s | MFU: 3.4% | Peak Mem.: 12.9/139.8 GiB (9.2%)[0m[0m
[2m21:53:00[0m [32m[1mSUCCESS[0m [32m[1m[22mStep 127 | Time: 16.78s | Loss: 0.1139 | Grad. Norm: 2.6875 | LR: 2.00e-05 | Throughput: 3987 tokens/s | MFU: 3.3% | Peak Mem.: 12.9/139.8 GiB (9.2%)[0m[0m
[2m21:53:17[0m [32m[1mSUCCESS[0m [32m[1m[22mStep 128 | Time: 16.67s | Loss: 0.1172 | Grad. Norm: 2.5938 | LR: 2.00e-05 | Throughput: 3972 tokens/s | MFU: 3.3% | Peak Mem.: 12.9/139.8 GiB (9.2%)[0m[0m
[2m21:53:33[0m [32m[1mSUCCESS[0m [32m[1m[22mStep 129 | Time: 16.66s | Loss: 0.1099 | Grad. Norm: 3.2812 | LR: 2.00e-05 | Throughput: 3959 tokens/s | MFU: 3.3% | Peak Mem.: 12.9/139.8 GiB (9.2%)[0m[0m
[2m21:53:50[0m [32m[1mSUCCESS[0m [32m[1m[22mStep 130 | Time: 16.45s | Loss: 0.1155 | Grad. Norm: 3.0000 | LR: 2.00e-05 | Throughput: 3955 tokens/s | MFU: 3.3% | Peak Mem.: 12.9/139.8 GiB (9.2%)[0m[0m
[2m21:54:06[0m [32m[1mSUCCESS[0m [32m[1m[22mStep 131 | Time: 16.46s | Loss: 0.1080 | Grad. Norm: 2.8281 | LR: 2.00e-05 | Throughput: 3951 tokens/s | MFU: 3.3% | Peak Mem.: 12.9/139.8 GiB (9.2%)[0m[0m
[2m21:54:23[0m [32m[1mSUCCESS[0m [32m[1m[22mStep 132 | Time: 17.06s | Loss: 0.1118 | Grad. Norm: 2.7500 | LR: 2.00e-05 | Throughput: 3928 tokens/s | MFU: 3.3% | Peak Mem.: 12.9/139.8 GiB (9.2%)[0m[0m
[2m21:54:40[0m [32m[1mSUCCESS[0m [32m[1m[22mStep 133 | Time: 16.51s | Loss: 0.1115 | Grad. Norm: 2.5781 | LR: 2.00e-05 | Throughput: 3943 tokens/s | MFU: 3.3% | Peak Mem.: 12.9/139.8 GiB (9.2%)[0m[0m
[2m21:54:56[0m [32m[1mSUCCESS[0m [32m[1m[22mStep 134 | Time: 16.43s | Loss: 0.1095 | Grad. Norm: 2.6250 | LR: 2.00e-05 | Throughput: 3945 tokens/s | MFU: 3.3% | Peak Mem.: 12.9/139.8 GiB (9.2%)[0m[0m
[2m21:55:13[0m [32m[1mSUCCESS[0m [32m[1m[22mStep 135 | Time: 16.58s | Loss: 0.1222 | Grad. Norm: 2.8750 | LR: 2.00e-05 | Throughput: 3940 tokens/s | MFU: 3.3% | Peak Mem.: 12.9/139.8 GiB (9.2%)[0m[0m
[2m21:55:29[0m [32m[1mSUCCESS[0m [32m[1m[22mStep 136 | Time: 16.40s | Loss: 0.1207 | Grad. Norm: 2.6406 | LR: 2.00e-05 | Throughput: 3950 tokens/s | MFU: 3.3% | Peak Mem.: 12.9/139.8 GiB (9.2%)[0m[0m
[2m21:55:46[0m [32m[1mSUCCESS[0m [32m[1m[22mStep 137 | Time: 16.30s | Loss: 0.0986 | Grad. Norm: 2.5469 | LR: 2.00e-05 | Throughput: 3960 tokens/s | MFU: 3.3% | Peak Mem.: 12.9/139.8 GiB (9.2%)[0m[0m
[2m21:56:02[0m [32m[1mSUCCESS[0m [32m[1m[22mStep 138 | Time: 16.55s | Loss: 0.0949 | Grad. Norm: 2.4531 | LR: 2.00e-05 | Throughput: 3963 tokens/s | MFU: 3.3% | Peak Mem.: 12.9/139.8 GiB (9.2%)[0m[0m
[2m21:56:19[0m [32m[1mSUCCESS[0m [32m[1m[22mStep 139 | Time: 16.37s | Loss: 0.1013 | Grad. Norm: 2.8750 | LR: 2.00e-05 | Throughput: 3965 tokens/s | MFU: 3.3% | Peak Mem.: 12.9/139.8 GiB (9.2%)[0m[0m
[2m21:56:35[0m [32m[1mSUCCESS[0m [32m[1m[22mStep 140 | Time: 16.92s | Loss: 0.0993 | Grad. Norm: 3.1094 | LR: 2.00e-05 | Throughput: 3953 tokens/s | MFU: 3.3% | Peak Mem.: 12.9/139.8 GiB (9.2%)[0m[0m
[2m21:56:53[0m [32m[1mSUCCESS[0m [32m[1m[22mStep 141 | Time: 17.07s | Loss: 0.0912 | Grad. Norm: 2.7969 | LR: 2.00e-05 | Throughput: 3953 tokens/s | MFU: 3.3% | Peak Mem.: 12.9/139.8 GiB (9.2%)[0m[0m
[2m21:57:09[0m [32m[1mSUCCESS[0m [32m[1m[22mStep 142 | Time: 16.71s | Loss: 0.0984 | Grad. Norm: 3.0312 | LR: 2.00e-05 | Throughput: 3947 tokens/s | MFU: 3.3% | Peak Mem.: 12.9/139.8 GiB (9.2%)[0m[0m
[2m21:57:26[0m [32m[1mSUCCESS[0m [32m[1m[22mStep 143 | Time: 17.21s | Loss: 0.0884 | Grad. Norm: 2.6250 | LR: 2.00e-05 | Throughput: 3927 tokens/s | MFU: 3.3% | Peak Mem.: 12.9/139.8 GiB (9.2%)[0m[0m
[2m21:57:44[0m [32m[1mSUCCESS[0m [32m[1m[22mStep 144 | Time: 17.17s | Loss: 0.0912 | Grad. Norm: 2.5625 | LR: 2.00e-05 | Throughput: 3912 tokens/s | MFU: 3.3% | Peak Mem.: 12.9/139.8 GiB (9.2%)[0m[0m
[2m21:58:01[0m [32m[1mSUCCESS[0m [32m[1m[22mStep 145 | Time: 17.11s | Loss: 0.0882 | Grad. Norm: 2.8125 | LR: 2.00e-05 | Throughput: 3894 tokens/s | MFU: 3.3% | Peak Mem.: 12.9/139.8 GiB (9.2%)[0m[0m
[2m21:58:18[0m [32m[1mSUCCESS[0m [32m[1m[22mStep 146 | Time: 16.75s | Loss: 0.0973 | Grad. Norm: 2.8750 | LR: 2.00e-05 | Throughput: 3882 tokens/s | MFU: 3.3% | Peak Mem.: 12.9/139.8 GiB (9.2%)[0m[0m
[2m21:58:34[0m [32m[1mSUCCESS[0m [32m[1m[22mStep 147 | Time: 16.74s | Loss: 0.0924 | Grad. Norm: 2.6875 | LR: 2.00e-05 | Throughput: 3877 tokens/s | MFU: 3.3% | Peak Mem.: 12.9/139.8 GiB (9.2%)[0m[0m
[2m21:58:51[0m [32m[1mSUCCESS[0m [32m[1m[22mStep 148 | Time: 16.78s | Loss: 0.0841 | Grad. Norm: 2.8281 | LR: 2.00e-05 | Throughput: 3867 tokens/s | MFU: 3.2% | Peak Mem.: 12.9/139.8 GiB (9.2%)[0m[0m
[2m21:59:08[0m [32m[1mSUCCESS[0m [32m[1m[22mStep 149 | Time: 17.01s | Loss: 0.0990 | Grad. Norm: 2.8594 | LR: 2.00e-05 | Throughput: 3864 tokens/s | MFU: 3.2% | Peak Mem.: 12.9/139.8 GiB (9.2%)[0m[0m
[2m21:59:25[0m [32m[1mSUCCESS[0m [32m[1m[22mStep 150 | Time: 16.65s | Loss: 0.1058 | Grad. Norm: 2.7969 | LR: 2.00e-05 | Throughput: 3875 tokens/s | MFU: 3.3% | Peak Mem.: 12.9/139.8 GiB (9.2%)[0m[0m
[2m21:59:41[0m [32m[1mSUCCESS[0m [32m[1m[22mStep 151 | Time: 16.71s | Loss: 0.0735 | Grad. Norm: 2.5469 | LR: 2.00e-05 | Throughput: 3875 tokens/s | MFU: 3.3% | Peak Mem.: 12.9/139.8 GiB (9.2%)[0m[0m
[2m21:59:58[0m [32m[1mSUCCESS[0m [32m[1m[22mStep 152 | Time: 16.54s | Loss: 0.0827 | Grad. Norm: 2.7969 | LR: 2.00e-05 | Throughput: 3892 tokens/s | MFU: 3.3% | Peak Mem.: 12.9/139.8 GiB (9.2%)[0m[0m
[2m22:00:15[0m [32m[1mSUCCESS[0m [32m[1m[22mStep 153 | Time: 16.69s | Loss: 0.0835 | Grad. Norm: 2.8438 | LR: 2.00e-05 | Throughput: 3904 tokens/s | MFU: 3.3% | Peak Mem.: 12.9/139.8 GiB (9.2%)[0m[0m
[2m22:00:32[0m [32m[1mSUCCESS[0m [32m[1m[22mStep 154 | Time: 16.88s | Loss: 0.0822 | Grad. Norm: 3.3750 | LR: 2.00e-05 | Throughput: 3910 tokens/s | MFU: 3.3% | Peak Mem.: 12.9/139.8 GiB (9.2%)[0m[0m
[2m22:00:49[0m [32m[1mSUCCESS[0m [32m[1m[22mStep 155 | Time: 16.93s | Loss: 0.0878 | Grad. Norm: 3.0156 | LR: 2.00e-05 | Throughput: 3905 tokens/s | MFU: 3.3% | Peak Mem.: 12.9/139.8 GiB (9.2%)[0m[0m
[2m22:01:05[0m [32m[1mSUCCESS[0m [32m[1m[22mStep 156 | Time: 16.86s | Loss: 0.0737 | Grad. Norm: 2.8750 | LR: 2.00e-05 | Throughput: 3902 tokens/s | MFU: 3.3% | Peak Mem.: 12.9/139.8 GiB (9.2%)[0m[0m
[2m22:01:22[0m [32m[1mSUCCESS[0m [32m[1m[22mStep 157 | Time: 16.86s | Loss: 0.0840 | Grad. Norm: 3.0938 | LR: 2.00e-05 | Throughput: 3900 tokens/s | MFU: 3.3% | Peak Mem.: 12.9/139.8 GiB (9.2%)[0m[0m
[2m22:01:39[0m [32m[1mSUCCESS[0m [32m[1m[22mStep 158 | Time: 16.63s | Loss: 0.0753 | Grad. Norm: 2.6719 | LR: 2.00e-05 | Throughput: 3910 tokens/s | MFU: 3.3% | Peak Mem.: 12.9/139.8 GiB (9.2%)[0m[0m
[2m22:01:56[0m [32m[1mSUCCESS[0m [32m[1m[22mStep 159 | Time: 16.89s | Loss: 0.0774 | Grad. Norm: 2.7188 | LR: 2.00e-05 | Throughput: 3904 tokens/s | MFU: 3.3% | Peak Mem.: 12.9/139.8 GiB (9.2%)[0m[0m
[2m22:02:13[0m [32m[1mSUCCESS[0m [32m[1m[22mStep 160 | Time: 16.70s | Loss: 0.0768 | Grad. Norm: 2.7656 | LR: 2.00e-05 | Throughput: 3904 tokens/s | MFU: 3.3% | Peak Mem.: 12.9/139.8 GiB (9.2%)[0m[0m
[2m22:02:29[0m [32m[1mSUCCESS[0m [32m[1m[22mStep 161 | Time: 16.67s | Loss: 0.0715 | Grad. Norm: 2.8281 | LR: 2.00e-05 | Throughput: 3901 tokens/s | MFU: 3.3% | Peak Mem.: 12.9/139.8 GiB (9.2%)[0m[0m
[2m22:02:46[0m [32m[1mSUCCESS[0m [32m[1m[22mStep 162 | Time: 16.57s | Loss: 0.0859 | Grad. Norm: 3.1562 | LR: 2.00e-05 | Throughput: 3904 tokens/s | MFU: 3.3% | Peak Mem.: 12.9/139.8 GiB (9.2%)[0m[0m
[2m22:03:03[0m [32m[1mSUCCESS[0m [32m[1m[22mStep 163 | Time: 16.78s | Loss: 0.0796 | Grad. Norm: 2.8750 | LR: 2.00e-05 | Throughput: 3907 tokens/s | MFU: 3.3% | Peak Mem.: 12.9/139.8 GiB (9.2%)[0m[0m
[2m22:03:19[0m [32m[1mSUCCESS[0m [32m[1m[22mStep 164 | Time: 16.77s | Loss: 0.0669 | Grad. Norm: 2.4219 | LR: 2.00e-05 | Throughput: 3911 tokens/s | MFU: 3.3% | Peak Mem.: 12.9/139.8 GiB (9.2%)[0m[0m
[2m22:03:36[0m [32m[1mSUCCESS[0m [32m[1m[22mStep 165 | Time: 16.74s | Loss: 0.0697 | Grad. Norm: 2.5781 | LR: 2.00e-05 | Throughput: 3914 tokens/s | MFU: 3.3% | Peak Mem.: 12.9/139.8 GiB (9.2%)[0m[0m
[2m22:03:53[0m [32m[1mSUCCESS[0m [32m[1m[22mStep 166 | Time: 16.74s | Loss: 0.0627 | Grad. Norm: 2.6094 | LR: 2.00e-05 | Throughput: 3917 tokens/s | MFU: 3.3% | Peak Mem.: 12.9/139.8 GiB (9.2%)[0m[0m
[2m22:04:10[0m [32m[1mSUCCESS[0m [32m[1m[22mStep 167 | Time: 16.74s | Loss: 0.0634 | Grad. Norm: 2.5156 | LR: 2.00e-05 | Throughput: 3915 tokens/s | MFU: 3.3% | Peak Mem.: 12.9/139.8 GiB (9.2%)[0m[0m
[2m22:04:26[0m [32m[1mSUCCESS[0m [32m[1m[22mStep 168 | Time: 16.52s | Loss: 0.0690 | Grad. Norm: 2.8125 | LR: 2.00e-05 | Throughput: 3924 tokens/s | MFU: 3.3% | Peak Mem.: 12.9/139.8 GiB (9.2%)[0m[0m
[2m22:04:43[0m [32m[1mSUCCESS[0m [32m[1m[22mStep 169 | Time: 16.68s | Loss: 0.0706 | Grad. Norm: 3.2656 | LR: 2.00e-05 | Throughput: 3924 tokens/s | MFU: 3.3% | Peak Mem.: 12.9/139.8 GiB (9.2%)[0m[0m
[2m22:04:59[0m [32m[1mSUCCESS[0m [32m[1m[22mStep 170 | Time: 16.50s | Loss: 0.0605 | Grad. Norm: 2.5469 | LR: 2.00e-05 | Throughput: 3929 tokens/s | MFU: 3.3% | Peak Mem.: 12.9/139.8 GiB (9.2%)[0m[0m
[2m22:05:16[0m [32m[1mSUCCESS[0m [32m[1m[22mStep 171 | Time: 16.47s | Loss: 0.0625 | Grad. Norm: 3.0781 | LR: 2.00e-05 | Throughput: 3931 tokens/s | MFU: 3.3% | Peak Mem.: 12.9/139.8 GiB (9.2%)[0m[0m
[2m22:05:32[0m [32m[1mSUCCESS[0m [32m[1m[22mStep 172 | Time: 16.67s | Loss: 0.0669 | Grad. Norm: 2.7500 | LR: 2.00e-05 | Throughput: 3934 tokens/s | MFU: 3.3% | Peak Mem.: 12.9/139.8 GiB (9.2%)[0m[0m
[2m22:05:49[0m [32m[1mSUCCESS[0m [32m[1m[22mStep 173 | Time: 16.37s | Loss: 0.0662 | Grad. Norm: 2.8594 | LR: 2.00e-05 | Throughput: 3945 tokens/s | MFU: 3.3% | Peak Mem.: 12.9/139.8 GiB (9.2%)[0m[0m
[2m22:06:06[0m [32m[1mSUCCESS[0m [32m[1m[22mStep 174 | Time: 16.81s | Loss: 0.0713 | Grad. Norm: 2.8906 | LR: 2.00e-05 | Throughput: 3943 tokens/s | MFU: 3.3% | Peak Mem.: 12.9/139.8 GiB (9.2%)[0m[0m
[2m22:06:23[0m [32m[1mSUCCESS[0m [32m[1m[22mStep 175 | Time: 16.89s | Loss: 0.0663 | Grad. Norm: 2.7969 | LR: 2.00e-05 | Throughput: 3939 tokens/s | MFU: 3.3% | Peak Mem.: 12.9/139.8 GiB (9.2%)[0m[0m
[2m22:06:39[0m [32m[1mSUCCESS[0m [32m[1m[22mStep 176 | Time: 16.72s | Loss: 0.0739 | Grad. Norm: 2.7500 | LR: 2.00e-05 | Throughput: 3939 tokens/s | MFU: 3.3% | Peak Mem.: 12.9/139.8 GiB (9.2%)[0m[0m
[2m22:06:56[0m [32m[1mSUCCESS[0m [32m[1m[22mStep 177 | Time: 16.95s | Loss: 0.0702 | Grad. Norm: 3.0156 | LR: 2.00e-05 | Throughput: 3928 tokens/s | MFU: 3.3% | Peak Mem.: 12.9/139.8 GiB (9.2%)[0m[0m
[2m22:07:13[0m [32m[1mSUCCESS[0m [32m[1m[22mStep 178 | Time: 16.83s | Loss: 0.0649 | Grad. Norm: 2.6875 | LR: 2.00e-05 | Throughput: 3924 tokens/s | MFU: 3.3% | Peak Mem.: 12.9/139.8 GiB (9.2%)[0m[0m
[2m22:07:30[0m [32m[1mSUCCESS[0m [32m[1m[22mStep 179 | Time: 17.01s | Loss: 0.0611 | Grad. Norm: 2.4844 | LR: 2.00e-05 | Throughput: 3911 tokens/s | MFU: 3.3% | Peak Mem.: 12.9/139.8 GiB (9.2%)[0m[0m
[2m22:07:47[0m [32m[1mSUCCESS[0m [32m[1m[22mStep 180 | Time: 16.73s | Loss: 0.0584 | Grad. Norm: 2.4844 | LR: 2.00e-05 | Throughput: 3904 tokens/s | MFU: 3.3% | Peak Mem.: 12.9/139.8 GiB (9.2%)[0m[0m
[2m22:08:04[0m [32m[1mSUCCESS[0m [32m[1m[22mStep 181 | Time: 16.76s | Loss: 0.0527 | Grad. Norm: 2.7812 | LR: 2.00e-05 | Throughput: 3902 tokens/s | MFU: 3.3% | Peak Mem.: 12.9/139.8 GiB (9.2%)[0m[0m
[2m22:08:21[0m [32m[1mSUCCESS[0m [32m[1m[22mStep 182 | Time: 17.00s | Loss: 0.0566 | Grad. Norm: 3.1875 | LR: 2.00e-05 | Throughput: 3886 tokens/s | MFU: 3.3% | Peak Mem.: 12.9/139.8 GiB (9.2%)[0m[0m
[2m22:08:37[0m [32m[1mSUCCESS[0m [32m[1m[22mStep 183 | Time: 16.81s | Loss: 0.0586 | Grad. Norm: 2.8125 | LR: 2.00e-05 | Throughput: 3886 tokens/s | MFU: 3.3% | Peak Mem.: 12.9/139.8 GiB (9.2%)[0m[0m
[2m22:08:54[0m [32m[1mSUCCESS[0m [32m[1m[22mStep 184 | Time: 16.66s | Loss: 0.0553 | Grad. Norm: 2.9844 | LR: 2.00e-05 | Throughput: 3892 tokens/s | MFU: 3.3% | Peak Mem.: 12.9/139.8 GiB (9.2%)[0m[0m
[2m22:09:11[0m [32m[1mSUCCESS[0m [32m[1m[22mStep 185 | Time: 16.73s | Loss: 0.0590 | Grad. Norm: 2.5469 | LR: 2.00e-05 | Throughput: 3892 tokens/s | MFU: 3.3% | Peak Mem.: 12.9/139.8 GiB (9.2%)[0m[0m
[2m22:09:27[0m [32m[1mSUCCESS[0m [32m[1m[22mStep 186 | Time: 16.60s | Loss: 0.0610 | Grad. Norm: 3.0938 | LR: 2.00e-05 | Throughput: 3901 tokens/s | MFU: 3.3% | Peak Mem.: 12.9/139.8 GiB (9.2%)[0m[0m
[2m22:09:44[0m [32m[1mSUCCESS[0m [32m[1m[22mStep 187 | Time: 16.57s | Loss: 0.0589 | Grad. Norm: 2.8906 | LR: 2.00e-05 | Throughput: 3907 tokens/s | MFU: 3.3% | Peak Mem.: 12.9/139.8 GiB (9.2%)[0m[0m
[2m22:10:01[0m [32m[1mSUCCESS[0m [32m[1m[22mStep 188 | Time: 16.48s | Loss: 0.0637 | Grad. Norm: 2.7969 | LR: 2.00e-05 | Throughput: 3921 tokens/s | MFU: 3.3% | Peak Mem.: 12.9/139.8 GiB (9.2%)[0m[0m
[2m22:10:17[0m [32m[1mSUCCESS[0m [32m[1m[22mStep 189 | Time: 16.67s | Loss: 0.0578 | Grad. Norm: 2.7500 | LR: 2.00e-05 | Throughput: 3923 tokens/s | MFU: 3.3% | Peak Mem.: 12.9/139.8 GiB (9.2%)[0m[0m
[2m22:10:34[0m [32m[1mSUCCESS[0m [32m[1m[22mStep 190 | Time: 16.49s | Loss: 0.0650 | Grad. Norm: 2.7188 | LR: 2.00e-05 | Throughput: 3930 tokens/s | MFU: 3.3% | Peak Mem.: 12.9/139.8 GiB (9.2%)[0m[0m
[2m22:10:50[0m [32m[1mSUCCESS[0m [32m[1m[22mStep 191 | Time: 16.46s | Loss: 0.0594 | Grad. Norm: 2.8750 | LR: 2.00e-05 | Throughput: 3944 tokens/s | MFU: 3.3% | Peak Mem.: 12.9/139.8 GiB (9.2%)[0m[0m
[2m22:11:07[0m [32m[1mSUCCESS[0m [32m[1m[22mStep 192 | Time: 16.71s | Loss: 0.0508 | Grad. Norm: 2.4375 | LR: 2.00e-05 | Throughput: 3946 tokens/s | MFU: 3.3% | Peak Mem.: 12.9/139.8 GiB (9.2%)[0m[0m
[2m22:11:24[0m [32m[1mSUCCESS[0m [32m[1m[22mStep 193 | Time: 16.84s | Loss: 0.0517 | Grad. Norm: 2.6250 | LR: 2.00e-05 | Throughput: 3942 tokens/s | MFU: 3.3% | Peak Mem.: 12.9/139.8 GiB (9.2%)[0m[0m
[2m22:11:41[0m [32m[1mSUCCESS[0m [32m[1m[22mStep 194 | Time: 17.09s | Loss: 0.0569 | Grad. Norm: 3.3281 | LR: 2.00e-05 | Throughput: 3932 tokens/s | MFU: 3.3% | Peak Mem.: 12.9/139.8 GiB (9.2%)[0m[0m
[2m22:11:58[0m [32m[1mSUCCESS[0m [32m[1m[22mStep 195 | Time: 16.82s | Loss: 0.0515 | Grad. Norm: 3.2188 | LR: 2.00e-05 | Throughput: 3926 tokens/s | MFU: 3.3% | Peak Mem.: 12.9/139.8 GiB (9.2%)[0m[0m
[2m22:12:15[0m [32m[1mSUCCESS[0m [32m[1m[22mStep 196 | Time: 17.17s | Loss: 0.0473 | Grad. Norm: 2.6406 | LR: 2.00e-05 | Throughput: 3911 tokens/s | MFU: 3.3% | Peak Mem.: 12.9/139.8 GiB (9.2%)[0m[0m
[2m22:12:32[0m [32m[1mSUCCESS[0m [32m[1m[22mStep 197 | Time: 16.81s | Loss: 0.0549 | Grad. Norm: 2.8438 | LR: 2.00e-05 | Throughput: 3902 tokens/s | MFU: 3.3% | Peak Mem.: 12.9/139.8 GiB (9.2%)[0m[0m
[2m22:12:49[0m [32m[1mSUCCESS[0m [32m[1m[22mStep 198 | Time: 16.80s | Loss: 0.0521 | Grad. Norm: 2.8750 | LR: 2.00e-05 | Throughput: 3899 tokens/s | MFU: 3.3% | Peak Mem.: 12.9/139.8 GiB (9.2%)[0m[0m
[2m22:13:05[0m [32m[1mSUCCESS[0m [32m[1m[22mStep 199 | Time: 16.73s | Loss: 0.0528 | Grad. Norm: 2.8438 | LR: 2.00e-05 | Throughput: 3893 tokens/s | MFU: 3.3% | Peak Mem.: 12.9/139.8 GiB (9.2%)[0m[0m
[2m22:13:05[0m [1m   INFO[0m [1m[22mPeak memory: 12.9 GiB[0m[0m
[2m22:13:05[0m [32m[1mSUCCESS[0m [32m[1m[22mSFT trainer finished![0m[0m
